<?xml version="1.0" encoding="UTF-8"?>
<!-- Generated by org.testng.reporters.JUnitReportReporter -->
<testsuite hostname="rasta" name="com.test1.tests.RTest" tests="2" failures="0" timestamp="1 Feb 2017 14:41:05 GMT" time="60.231" errors="0">
  <testcase name="testSuccessfulBusinessAccountRegistration" time="29.693" classname="com.test1.tests.RTest"/>
  <testcase name="testSuccessfulBusinessAccountRegistration" time="30.538" classname="com.test1.tests.RTest"/>
</testsuite> <!-- com.test1.tests.RTest -->
