<?xml version="1.0" encoding="UTF-8"?>
<!-- Generated by org.testng.reporters.JUnitReportReporter -->
<testsuite hostname="rasta" name="com.test1.tests.EmailReminderSubmitTest" tests="7" failures="0" timestamp="5 Jan 2017 02:32:59 GMT" time="51.319" errors="0">
  <testcase name="isEmailSubmissionSuccessful" time="7.281" classname="com.test1.tests.EmailReminderSubmitTest"/>
  <testcase name="isEmailSubmissionSuccessful" time="7.469" classname="com.test1.tests.EmailReminderSubmitTest"/>
  <testcase name="isEmailSubmissionSuccessful" time="6.952" classname="com.test1.tests.EmailReminderSubmitTest"/>
  <testcase name="isEmailSubmissionSuccessful" time="7.409" classname="com.test1.tests.EmailReminderSubmitTest"/>
  <testcase name="isEmailSubmissionSuccessful" time="7.476" classname="com.test1.tests.EmailReminderSubmitTest"/>
  <testcase name="isEmailSubmissionSuccessful" time="7.451" classname="com.test1.tests.EmailReminderSubmitTest"/>
  <testcase name="isEmailSubmissionSuccessful" time="7.281" classname="com.test1.tests.EmailReminderSubmitTest"/>
</testsuite> <!-- com.test1.tests.EmailReminderSubmitTest -->
