<?xml version="1.0" encoding="UTF-8"?>
<!-- Generated by org.testng.reporters.JUnitReportReporter -->
<testsuite hostname="rasta" name="com.test1.tests.HomeEmailReminderSubmitTest" tests="3" failures="0" timestamp="5 Jan 2017 16:33:59 GMT" time="23.485" errors="0">
  <testcase name="isHomeEmailSubmissionSuccessful" time="9.306" classname="com.test1.tests.HomeEmailReminderSubmitTest"/>
  <testcase name="isHomeEmailSubmissionSuccessful" time="6.604" classname="com.test1.tests.HomeEmailReminderSubmitTest"/>
  <testcase name="isHomeEmailSubmissionSuccessful" time="7.575" classname="com.test1.tests.HomeEmailReminderSubmitTest"/>
</testsuite> <!-- com.test1.tests.HomeEmailReminderSubmitTest -->
