<?xml version="1.0" encoding="UTF-8"?>
<!-- Generated by org.testng.reporters.JUnitReportReporter -->
<testsuite hostname="rasta" name="com.test1.tests.VerifyHomeEmailFieldTest" tests="1" failures="0" timestamp="5 Jan 2017 03:06:02 GMT" time="5.875" errors="0">
  <testcase name="verifyHomeSubmitEmailField" time="5.875" classname="com.test1.tests.VerifyHomeEmailFieldTest"/>
</testsuite> <!-- com.test1.tests.VerifyHomeEmailFieldTest -->
