<?xml version="1.0" encoding="UTF-8"?>
<!-- Generated by org.testng.reporters.JUnitReportReporter -->
<testsuite hostname="rasta" name="com.test1.tests.ShoeBlurbAvailableTest" tests="3" failures="0" timestamp="5 Jan 2017 21:42:56 GMT" time="26.090" errors="0">
  <testcase name="isShoeBlurbAvailable" time="10.961" classname="com.test1.tests.ShoeBlurbAvailableTest"/>
  <testcase name="isShoeBlurbAvailable" time="7.594" classname="com.test1.tests.ShoeBlurbAvailableTest"/>
  <testcase name="isShoeBlurbAvailable" time="7.535" classname="com.test1.tests.ShoeBlurbAvailableTest"/>
</testsuite> <!-- com.test1.tests.ShoeBlurbAvailableTest -->
