<?xml version="1.0" encoding="UTF-8"?>
<!-- Generated by org.testng.reporters.JUnitReportReporter -->
<testsuite hostname="rasta" name="com.test1.tests.SubmitEmailReminderTest" tests="4" failures="0" timestamp="5 Jan 2017 01:57:47 GMT" time="25.761" errors="0">
  <testcase name="verifySubmitEmailField" time="5.617" classname="com.test1.tests.SubmitEmailReminderTest"/>
  <testcase name="verifySubmitEmailField" time="6.275" classname="com.test1.tests.SubmitEmailReminderTest"/>
  <testcase name="verifySubmitEmailField" time="6.726" classname="com.test1.tests.SubmitEmailReminderTest"/>
  <testcase name="verifySubmitEmailField" time="7.143" classname="com.test1.tests.SubmitEmailReminderTest"/>
</testsuite> <!-- com.test1.tests.SubmitEmailReminderTest -->
