<?xml version="1.0" encoding="UTF-8"?>
<!-- Generated by org.testng.reporters.JUnitReportReporter -->
<testsuite hostname="rasta" name="com.test1.tests.testSuccessfulBusinessRegistration" tests="2" failures="0" timestamp="1 Feb 2017 14:30:32 GMT" time="55.212" errors="0">
  <testcase name="testSuccessfulBusinessAccountRegistration" time="29.540" classname="com.test1.tests.testSuccessfulBusinessRegistration"/>
  <testcase name="testSuccessfulBusinessAccountRegistration" time="25.672" classname="com.test1.tests.testSuccessfulBusinessRegistration"/>
</testsuite> <!-- com.test1.tests.testSuccessfulBusinessRegistration -->
