<?xml version="1.0" encoding="UTF-8"?>
<!-- Generated by org.testng.reporters.JUnitReportReporter -->
<testsuite hostname="rasta" name="com.test1.tests.PageLoadTest" tests="1" failures="0" timestamp="27 Oct 2016 01:08:58 GMT" time="14.199" errors="0">
  <testcase name="testSuccessfulPageLoad" time="14.199" classname="com.test1.tests.PageLoadTest"/>
</testsuite> <!-- com.test1.tests.PageLoadTest -->
